Drill report for EFP-flash.kicad_pcb
Created on Thu Jul 13 11:12:20 2023

Copper Layer Stackup:
    =============================================================
    L1 :  F.Cu                      front
    L2 :  B.Cu                      back


Drill file 'EFP-flash.drl' contains
    plated through holes:
    =============================================================
    T1  0.300mm  0.0118"  (30 holes)
    T2  0.500mm  0.0197"  (2 holes)  (with 2 slots)
    T3  0.550mm  0.0217"  (2 holes)  (with 2 slots)
    T4  0.600mm  0.0236"  (4 holes)  (with 4 slots)
    T5  1.000mm  0.0394"  (6 holes)

    Total plated holes count 44


Not plated through holes are merged with plated holes
    unplated through holes:
    =============================================================
    T6  0.650mm  0.0256"  (2 holes)
    T7  0.900mm  0.0354"  (2 holes)

    Total unplated holes count 4
